<?xml version="1.0" encoding="UTF-8"?>
<testsuite name="au.edu.sydney.brawndo.erp.spfea.AllowedScopeTest" tests="19" skipped="0" failures="0" errors="0" timestamp="2023-05-27T11:09:12" hostname="DESKTOP-08SSRQM" time="2.969">
  <properties/>
  <testcase name="testOrderPersonalBulkSub()" classname="au.edu.sydney.brawndo.erp.spfea.AllowedScopeTest" time="1.382"/>
  <testcase name="getOrderShortDesc()" classname="au.edu.sydney.brawndo.erp.spfea.AllowedScopeTest" time="0.065"/>
  <testcase name="getAllProducts()" classname="au.edu.sydney.brawndo.erp.spfea.AllowedScopeTest" time="1.338"/>
  <testcase name="getOrderLongDesc()" classname="au.edu.sydney.brawndo.erp.spfea.AllowedScopeTest" time="0.007"/>
  <testcase name="getAllOrders()" classname="au.edu.sydney.brawndo.erp.spfea.AllowedScopeTest" time="0.006"/>
  <testcase name="createOrder()" classname="au.edu.sydney.brawndo.erp.spfea.AllowedScopeTest" time="0.007"/>
  <testcase name="removeOrder()" classname="au.edu.sydney.brawndo.erp.spfea.AllowedScopeTest" time="0.009"/>
  <testcase name="getOrderTotalCost()" classname="au.edu.sydney.brawndo.erp.spfea.AllowedScopeTest" time="0.006"/>
  <testcase name="login()" classname="au.edu.sydney.brawndo.erp.spfea.AllowedScopeTest" time="0.007"/>
  <testcase name="getKnownContactMethods()" classname="au.edu.sydney.brawndo.erp.spfea.AllowedScopeTest" time="0.006"/>
  <testcase name="testOrderBusinessBulk()" classname="au.edu.sydney.brawndo.erp.spfea.AllowedScopeTest" time="0.012"/>
  <testcase name="testOrderBusinessFlat()" classname="au.edu.sydney.brawndo.erp.spfea.AllowedScopeTest" time="0.013"/>
  <testcase name="orderLineSet()" classname="au.edu.sydney.brawndo.erp.spfea.AllowedScopeTest" time="0.008"/>
  <testcase name="testOrderBusinessFlatSub()" classname="au.edu.sydney.brawndo.erp.spfea.AllowedScopeTest" time="0.021"/>
  <testcase name="testOrderPersonalBulk()" classname="au.edu.sydney.brawndo.erp.spfea.AllowedScopeTest" time="0.014"/>
  <testcase name="testOrderPersonalFlat()" classname="au.edu.sydney.brawndo.erp.spfea.AllowedScopeTest" time="0.017"/>
  <testcase name="testOrderPersonalFlatSub()" classname="au.edu.sydney.brawndo.erp.spfea.AllowedScopeTest" time="0.017"/>
  <testcase name="getAllCustomerIDs()" classname="au.edu.sydney.brawndo.erp.spfea.AllowedScopeTest" time="0.004"/>
  <testcase name="testOrderBusinessBulkSub()" classname="au.edu.sydney.brawndo.erp.spfea.AllowedScopeTest" time="0.009"/>
  <system-out><![CDATA[]]></system-out>
  <system-err><![CDATA[]]></system-err>
</testsuite>
